--- Startup times for process: Primary (or UI client) ---

times in msec
 clock   self+sourced   self:  sourced script
 clock   elapsed:              other lines

000.004  000.004: --- NVIM STARTING ---
004.651  004.646: event init
009.023  004.373: early init
009.362  000.339: locale set
012.046  002.684: init first window
020.064  008.018: inits 1
020.083  000.018: window checked
020.085  000.003: parsing arguments
022.952  000.043  000.043: require('vim.shared')
023.094  000.079  000.079: require('vim.inspect')
023.161  000.054  000.054: require('vim._options')
023.166  000.211  000.078: require('vim._editor')
023.168  000.276  000.023: require('vim._init_packages')
023.170  002.808: init lua interpreter
026.577  003.407: nvim_ui_attach
026.986  000.409: nvim_set_client_info
026.989  000.003: --- NVIM STARTED ---

--- Startup times for process: Embedded ---

times in msec
 clock   self+sourced   self:  sourced script
 clock   elapsed:              other lines

000.003  000.003: --- NVIM STARTING ---
000.189  000.186: event init
000.284  000.095: early init
000.731  000.447: locale set
000.841  000.109: init first window
001.378  000.537: inits 1
001.396  000.018: window checked
001.399  000.002: parsing arguments
001.961  000.050  000.050: require('vim.shared')
002.071  000.044  000.044: require('vim.inspect')
002.124  000.040  000.040: require('vim._options')
002.128  000.164  000.079: require('vim._editor')
002.130  000.242  000.028: require('vim._init_packages')
002.131  000.490: init lua interpreter
002.204  000.073: expanding arguments
002.342  000.139: inits 2
002.967  000.625: init highlight
002.969  000.002: waiting for UI
003.383  000.414: done waiting for UI
003.389  000.006: clear screen
003.607  000.017  000.017: require('vim.keymap')
006.755  000.406  000.406: sourcing nvim_exec2()
010.272  003.002  003.002: require('vim.termcap')
010.311  000.024  000.024: require('vim.text')
060.156  056.764  053.315: require('vim._defaults')
060.166  000.012: init default mappings & autocommands
061.581  000.754  000.754: sourcing /tmp/.mount_nvimJjoBbn/usr/share/nvim/runtime/ftplugin.vim
062.241  000.276  000.276: sourcing /tmp/.mount_nvimJjoBbn/usr/share/nvim/runtime/indent.vim
062.741  000.044  000.044: require('ushouldrun.remap')
063.173  000.429  000.429: require('ushouldrun.set')
063.195  000.665  000.191: require('ushouldrun')
063.197  000.693  000.028: sourcing /home/henri/.config/nvim/init.lua
063.206  001.318: sourcing vimrc file(s)
064.303  000.304  000.304: sourcing nvim_exec2() called at /tmp/.mount_nvimJjoBbn/usr/share/nvim/runtime/filetype.lua:0
064.309  000.746  000.441: sourcing /tmp/.mount_nvimJjoBbn/usr/share/nvim/runtime/filetype.lua
065.585  000.151  000.151: sourcing /tmp/.mount_nvimJjoBbn/usr/share/nvim/runtime/syntax/synload.vim
065.792  000.877  000.726: sourcing /tmp/.mount_nvimJjoBbn/usr/share/nvim/runtime/syntax/syntax.vim
068.963  000.047  000.047: require('everblush.util')
068.967  000.113  000.065: require('everblush')
069.293  000.314  000.314: require('everblush.theme')
069.335  000.040  000.040: require('everblush.palette')
070.641  001.806  001.339: sourcing /home/henri/.local/share/nvim/site/pack/packer/start/everblush/colors/everblush.lua
070.649  002.916  001.110: sourcing nvim_exec2() called at /home/henri/.config/nvim/plugin/packer_compiled.lua:0
070.652  003.998  001.082: sourcing /home/henri/.config/nvim/plugin/packer_compiled.lua
074.044  000.601  000.601: sourcing /tmp/.mount_nvimJjoBbn/usr/share/nvim/runtime/plugin/gzip.vim
076.703  000.544  000.544: sourcing /tmp/.mount_nvimJjoBbn/usr/share/nvim/runtime/pack/dist/opt/matchit/plugin/matchit.vim
076.876  002.699  002.154: sourcing /tmp/.mount_nvimJjoBbn/usr/share/nvim/runtime/plugin/matchit.vim
077.227  000.214  000.214: sourcing /tmp/.mount_nvimJjoBbn/usr/share/nvim/runtime/plugin/matchparen.vim
080.159  000.672  000.672: sourcing /tmp/.mount_nvimJjoBbn/usr/share/nvim/runtime/pack/dist/opt/netrw/plugin/netrwPlugin.vim
080.504  003.135  002.463: sourcing /tmp/.mount_nvimJjoBbn/usr/share/nvim/runtime/plugin/netrwPlugin.vim
080.870  000.008  000.008: sourcing /home/henri/.local/share/nvim/rplugin.vim
080.879  000.235  000.226: sourcing /tmp/.mount_nvimJjoBbn/usr/share/nvim/runtime/plugin/rplugin.vim
081.143  000.131  000.131: sourcing /tmp/.mount_nvimJjoBbn/usr/share/nvim/runtime/plugin/shada.vim
081.387  000.098  000.098: sourcing /tmp/.mount_nvimJjoBbn/usr/share/nvim/runtime/plugin/spellfile.vim
081.714  000.168  000.168: sourcing /tmp/.mount_nvimJjoBbn/usr/share/nvim/runtime/plugin/tarPlugin.vim
081.958  000.098  000.098: sourcing /tmp/.mount_nvimJjoBbn/usr/share/nvim/runtime/plugin/tutor.vim
082.314  000.213  000.213: sourcing /tmp/.mount_nvimJjoBbn/usr/share/nvim/runtime/plugin/zipPlugin.vim
082.828  000.251  000.251: sourcing /tmp/.mount_nvimJjoBbn/usr/share/nvim/runtime/plugin/editorconfig.lua
083.221  000.247  000.247: sourcing /tmp/.mount_nvimJjoBbn/usr/share/nvim/runtime/plugin/man.lua
083.629  000.263  000.263: sourcing /tmp/.mount_nvimJjoBbn/usr/share/nvim/runtime/plugin/osc52.lua
084.061  000.309  000.309: sourcing /tmp/.mount_nvimJjoBbn/usr/share/nvim/runtime/plugin/tohtml.lua
084.146  006.658: loading rtp plugins
086.414  000.212  000.212: require('nvim-treesitter.utils')
091.344  000.448  000.448: require('vim.treesitter.language')
092.029  000.681  000.681: require('vim.func')
092.491  000.457  000.457: require('vim.func._memoize')
092.526  002.552  000.965: require('vim.treesitter.query')
093.011  000.483  000.483: require('vim.treesitter._range')
093.023  004.275  001.240: require('vim.treesitter.languagetree')
093.028  005.157  000.883: require('vim.treesitter')
093.641  007.223  002.066: require('nvim-treesitter.parsers')
094.726  000.191  000.191: require('nvim-treesitter.compat')
095.224  000.356  000.356: require('nvim-treesitter.ts_utils')
095.230  000.501  000.145: require('nvim-treesitter.tsrange')
095.349  000.117  000.117: require('nvim-treesitter.caching')
095.362  001.145  000.336: require('nvim-treesitter.query')
095.380  001.573  000.427: require('nvim-treesitter.configs')
095.385  001.741  000.169: require('nvim-treesitter.info')
095.687  000.301  000.301: require('nvim-treesitter.shell_command_selectors')
095.717  010.097  000.620: require('nvim-treesitter.install')
095.809  000.090  000.090: require('nvim-treesitter.statusline')
095.957  000.146  000.146: require('nvim-treesitter.query_predicates')
095.963  011.463  001.131: require('nvim-treesitter')
097.103  001.135  001.135: require('vim.iter')
097.756  013.294  000.695: sourcing /home/henri/.local/share/nvim/site/pack/packer/start/nvim-treesitter/plugin/nvim-treesitter.lua
097.993  000.044  000.044: sourcing /home/henri/.local/share/nvim/site/pack/packer/start/plenary.nvim/plugin/plenary.vim
098.536  000.399  000.399: sourcing /home/henri/.local/share/nvim/site/pack/packer/start/telescope.nvim/plugin/telescope.lua
098.930  001.048: loading packages
099.374  000.143  000.143: sourcing nvim_exec2() called at /home/henri/.local/share/nvim/site/pack/packer/start/everblush/colors/everblush.lua:0
099.471  000.064  000.064: require('everblush.palette')
100.208  001.001  000.794: sourcing /home/henri/.local/share/nvim/site/pack/packer/start/everblush/colors/everblush.lua
100.299  001.225  000.223: sourcing /home/henri/.config/nvim/after/plugin/colors.lua
100.628  000.254  000.254: require('telescope.builtin')
100.649  000.303  000.049: sourcing /home/henri/.config/nvim/after/plugin/telescope.lua
103.836  000.092  000.092: require('nvim-treesitter.highlight')
103.867  003.186  003.094: sourcing /home/henri/.config/nvim/after/plugin/treesitter.lua
103.870  000.226: loading after plugins
103.876  000.006: inits 3
106.924  003.048: reading ShaDa
107.106  000.182: opening buffers
107.137  000.031: BufEnter autocommands
107.140  000.003: editing files in windows
255.596  148.456: VimEnter autocommands
255.694  000.098: UIEnter autocommands
255.698  000.004: before starting main loop
256.535  000.837: first screen update
256.537  000.002: --- NVIM STARTED ---

